<?xml version="1.0" encoding="UTF-8"?>
<!-- Generated by org.testng.reporters.JUnitReportReporter -->
<testsuite hostname="LAP-GES-30" failures="0" tests="3" name="testPackages.TestClassTNG2" time="0.000" errors="0" timestamp="2023-08-10T23:41:31 IST" skipped="3">
  <testcase classname="testPackages.TestClassTNG2" name="test3" time="0.000">
    <skipped/>
  </testcase> <!-- test3 -->
  <testcase classname="testPackages.TestClassTNG2" name="test1" time="0.000">
    <skipped/>
  </testcase> <!-- test1 -->
  <testcase classname="testPackages.TestClassTNG2" name="test2" time="0.000">
    <skipped/>
  </testcase> <!-- test2 -->
</testsuite> <!-- testPackages.TestClassTNG2 -->
